Case #1: 999999999 999999999
Case #2: 104236672 704231662
Case #3: 139294502 993214502
Case #4: 306755908 986755300
Case #5: 174742259 974712254
Case #6: 114353747 734351741
Case #7: 27954867 97654827
Case #8: 10 10
Case #9: 349039537 949037533
Case #10: 109923857 989123057
Case #11: 133343270 731343230
Case #12: 120785607 870715602
Case #13: 193698193 993698131
Case #14: 126007349 921007346
Case #15: 118179107 918177101
Case #16: 397609664 997604663
Case #17: 9099999 9999990
Case #18: 0 0
Case #19: 13524 51324
Case #20: 17965734 97561734
